# JRE version: OpenJDK Runtime Environment Temurin-17.0.1+12 (17.0.1+12) (build 17.0.1+12)
# Java VM: OpenJDK 64-Bit Server VM Temurin-17.0.1+12 (17.0.1+12, mixed mode, tiered, compressed oops, compressed class ptrs, parallel gc, windows-amd64)
GC Precious Log:
 CPUs: 8 total, 8 available
 Memory: 32685M
 Large Page Support: Disabled
 NUMA Support: Disabled
 Compressed Oops: Enabled (32-bit)
 Alignments: Space 512K, Generation 512K, Heap 2M
 Heap Min Capacity: 100M
 Heap Initial Capacity: 100M
 Heap Max Capacity: 1G
 Pre-touch: Disabled
 Parallel Workers: 8
Heap:
 PSYoungGen      total 6656K, used 6650K [0x00000000eab00000, 0x00000000eb500000, 0x0000000100000000)
  eden space 4096K, 100% used [0x00000000eab00000,0x00000000eaf00000,0x00000000eaf00000)
  from space 2560K, 99% used [0x00000000eaf00000,0x00000000eb17e9e8,0x00000000eb180000)
  to   space 3072K, 77% used [0x00000000eb200000,0x00000000eb451188,0x00000000eb500000)
 ParOldGen       total 256000K, used 246354K [0x00000000c0000000, 0x00000000cfa00000, 0x00000000eab00000)
  object space 256000K, 96% used [0x00000000c0000000,0x00000000cf094820,0x00000000cfa00000)
 Metaspace       used 66053K, committed 67136K, reserved 1114112K
  class space    used 6826K, committed 7296K, reserved 1048576K
GC Heap History (20 events):
Event: 7.446 GC heap after
{Heap after GC invocations=194 (full 11):
 PSYoungGen      total 5120K, used 2020K [0x00000000eab00000, 0x00000000eb380000, 0x0000000100000000)
  eden space 3072K, 0% used [0x00000000eab00000,0x00000000eab00000,0x00000000eae00000)
  from space 2048K, 98% used [0x00000000eb080000,0x00000000eb279348,0x00000000eb280000)
  to   space 2560K, 0% used [0x00000000eae00000,0x00000000eae00000,0x00000000eb080000)
 ParOldGen       total 256000K, used 238944K [0x00000000c0000000, 0x00000000cfa00000, 0x00000000eab00000)
  object space 256000K, 93% used [0x00000000c0000000,0x00000000ce9581e8,0x00000000cfa00000)
 Metaspace       used 66053K, committed 67136K, reserved 1114112K
  class space    used 6826K, committed 7296K, reserved 1048576K
}
Event: 7.452 GC heap before
{Heap before GC invocations=195 (full 11):
 PSYoungGen      total 5120K, used 5092K [0x00000000eab00000, 0x00000000eb380000, 0x0000000100000000)
  eden space 3072K, 100% used [0x00000000eab00000,0x00000000eae00000,0x00000000eae00000)
  from space 2048K, 98% used [0x00000000eb080000,0x00000000eb279348,0x00000000eb280000)
  to   space 2560K, 0% used [0x00000000eae00000,0x00000000eae00000,0x00000000eb080000)
 ParOldGen       total 256000K, used 238944K [0x00000000c0000000, 0x00000000cfa00000, 0x00000000eab00000)
  object space 256000K, 93% used [0x00000000c0000000,0x00000000ce9581e8,0x00000000cfa00000)
 Metaspace       used 66053K, committed 67136K, reserved 1114112K
  class space    used 6826K, committed 7296K, reserved 1048576K
}
Event: 7.453 GC heap after
{Heap after GC invocations=195 (full 11):
 PSYoungGen      total 5632K, used 1488K [0x00000000eab00000, 0x00000000eb280000, 0x0000000100000000)
  eden space 3072K, 0% used [0x00000000eab00000,0x00000000eab00000,0x00000000eae00000)
  from space 2560K, 58% used [0x00000000eae00000,0x00000000eaf743f8,0x00000000eb080000)
  to   space 2048K, 0% used [0x00000000eb080000,0x00000000eb080000,0x00000000eb280000)
 ParOldGen       total 256000K, used 240311K [0x00000000c0000000, 0x00000000cfa00000, 0x00000000eab00000)
  object space 256000K, 93% used [0x00000000c0000000,0x00000000ceaadc40,0x00000000cfa00000)
 Metaspace       used 66053K, committed 67136K, reserved 1114112K
  class space    used 6826K, committed 7296K, reserved 1048576K
}
Event: 7.459 GC heap before
{Heap before GC invocations=196 (full 11):
 PSYoungGen      total 5632K, used 4560K [0x00000000eab00000, 0x00000000eb280000, 0x0000000100000000)
  eden space 3072K, 100% used [0x00000000eab00000,0x00000000eae00000,0x00000000eae00000)
  from space 2560K, 58% used [0x00000000eae00000,0x00000000eaf743f8,0x00000000eb080000)
  to   space 2048K, 0% used [0x00000000eb080000,0x00000000eb080000,0x00000000eb280000)
 ParOldGen       total 256000K, used 240311K [0x00000000c0000000, 0x00000000cfa00000, 0x00000000eab00000)
  object space 256000K, 93% used [0x00000000c0000000,0x00000000ceaadc40,0x00000000cfa00000)
 Metaspace       used 66053K, committed 67136K, reserved 1114112K
  class space    used 6826K, committed 7296K, reserved 1048576K
}
Event: 7.460 GC heap after
{Heap after GC invocations=196 (full 11):
 PSYoungGen      total 5120K, used 2038K [0x00000000eab00000, 0x00000000eb380000, 0x0000000100000000)
  eden space 3072K, 0% used [0x00000000eab00000,0x00000000eab00000,0x00000000eae00000)
  from space 2048K, 99% used [0x00000000eb080000,0x00000000eb27dba0,0x00000000eb280000)
  to   space 2560K, 0% used [0x00000000eae00000,0x00000000eae00000,0x00000000eb080000)
 ParOldGen       total 256000K, used 240424K [0x00000000c0000000, 0x00000000cfa00000, 0x00000000eab00000)
  object space 256000K, 93% used [0x00000000c0000000,0x00000000ceaca028,0x00000000cfa00000)
 Metaspace       used 66053K, committed 67136K, reserved 1114112K
  class space    used 6826K, committed 7296K, reserved 1048576K
}
Event: 7.465 GC heap before
{Heap before GC invocations=197 (full 11):
 PSYoungGen      total 5120K, used 5106K [0x00000000eab00000, 0x00000000eb380000, 0x0000000100000000)
  eden space 3072K, 99% used [0x00000000eab00000,0x00000000eadfeca8,0x00000000eae00000)
  from space 2048K, 99% used [0x00000000eb080000,0x00000000eb27dba0,0x00000000eb280000)
  to   space 2560K, 0% used [0x00000000eae00000,0x00000000eae00000,0x00000000eb080000)
 ParOldGen       total 256000K, used 240424K [0x00000000c0000000, 0x00000000cfa00000, 0x00000000eab00000)
  object space 256000K, 93% used [0x00000000c0000000,0x00000000ceaca028,0x00000000cfa00000)
 Metaspace       used 66053K, committed 67136K, reserved 1114112K
  class space    used 6826K, committed 7296K, reserved 1048576K
}
Event: 7.466 GC heap after
{Heap after GC invocations=197 (full 11):
 PSYoungGen      total 5632K, used 1685K [0x00000000eab00000, 0x00000000eb280000, 0x0000000100000000)
  eden space 3072K, 0% used [0x00000000eab00000,0x00000000eab00000,0x00000000eae00000)
  from space 2560K, 65% used [0x00000000eae00000,0x00000000eafa5600,0x00000000eb080000)
  to   space 2048K, 0% used [0x00000000eb080000,0x00000000eb080000,0x00000000eb280000)
 ParOldGen       total 256000K, used 241699K [0x00000000c0000000, 0x00000000cfa00000, 0x00000000eab00000)
  object space 256000K, 94% used [0x00000000c0000000,0x00000000cec08e00,0x00000000cfa00000)
 Metaspace       used 66053K, committed 67136K, reserved 1114112K
  class space    used 6826K, committed 7296K, reserved 1048576K
}
Event: 7.472 GC heap before
{Heap before GC invocations=198 (full 11):
 PSYoungGen      total 5632K, used 4757K [0x00000000eab00000, 0x00000000eb280000, 0x0000000100000000)
  eden space 3072K, 100% used [0x00000000eab00000,0x00000000eae00000,0x00000000eae00000)
  from space 2560K, 65% used [0x00000000eae00000,0x00000000eafa5600,0x00000000eb080000)
  to   space 2048K, 0% used [0x00000000eb080000,0x00000000eb080000,0x00000000eb280000)
 ParOldGen       total 256000K, used 241699K [0x00000000c0000000, 0x00000000cfa00000, 0x00000000eab00000)
  object space 256000K, 94% used [0x00000000c0000000,0x00000000cec08e00,0x00000000cfa00000)
 Metaspace       used 66053K, committed 67136K, reserved 1114112K
  class space    used 6826K, committed 7296K, reserved 1048576K
}
Event: 7.474 GC heap after
{Heap after GC invocations=198 (full 11):
 PSYoungGen      total 5120K, used 2017K [0x00000000eab00000, 0x00000000eb380000, 0x0000000100000000)
  eden space 3072K, 0% used [0x00000000eab00000,0x00000000eab00000,0x00000000eae00000)
  from space 2048K, 98% used [0x00000000eb080000,0x00000000eb278520,0x00000000eb280000)
  to   space 2560K, 0% used [0x00000000eae00000,0x00000000eae00000,0x00000000eb080000)
 ParOldGen       total 256000K, used 241903K [0x00000000c0000000, 0x00000000cfa00000, 0x00000000eab00000)
  object space 256000K, 94% used [0x00000000c0000000,0x00000000cec3bdb8,0x00000000cfa00000)
 Metaspace       used 66053K, committed 67136K, reserved 1114112K
  class space    used 6826K, committed 7296K, reserved 1048576K
}
Event: 7.478 GC heap before
{Heap before GC invocations=199 (full 11):
 PSYoungGen      total 5120K, used 5089K [0x00000000eab00000, 0x00000000eb380000, 0x0000000100000000)
  eden space 3072K, 100% used [0x00000000eab00000,0x00000000eae00000,0x00000000eae00000)
  from space 2048K, 98% used [0x00000000eb080000,0x00000000eb278520,0x00000000eb280000)
  to   space 2560K, 0% used [0x00000000eae00000,0x00000000eae00000,0x00000000eb080000)
 ParOldGen       total 256000K, used 241903K [0x00000000c0000000, 0x00000000cfa00000, 0x00000000eab00000)
  object space 256000K, 94% used [0x00000000c0000000,0x00000000cec3bdb8,0x00000000cfa00000)
 Metaspace       used 66053K, committed 67136K, reserved 1114112K
  class space    used 6826K, committed 7296K, reserved 1048576K
}
Event: 7.479 GC heap after
{Heap after GC invocations=199 (full 11):
 PSYoungGen      total 5632K, used 1437K [0x00000000eab00000, 0x00000000eb280000, 0x0000000100000000)
  eden space 3072K, 0% used [0x00000000eab00000,0x00000000eab00000,0x00000000eae00000)
  from space 2560K, 56% used [0x00000000eae00000,0x00000000eaf676e0,0x00000000eb080000)
  to   space 2048K, 0% used [0x00000000eb080000,0x00000000eb080000,0x00000000eb280000)
 ParOldGen       total 256000K, used 243379K [0x00000000c0000000, 0x00000000cfa00000, 0x00000000eab00000)
  object space 256000K, 95% used [0x00000000c0000000,0x00000000cedacf00,0x00000000cfa00000)
 Metaspace       used 66053K, committed 67136K, reserved 1114112K
  class space    used 6826K, committed 7296K, reserved 1048576K
}
Event: 7.484 GC heap before
{Heap before GC invocations=200 (full 11):
 PSYoungGen      total 5632K, used 4509K [0x00000000eab00000, 0x00000000eb280000, 0x0000000100000000)
  eden space 3072K, 100% used [0x00000000eab00000,0x00000000eae00000,0x00000000eae00000)
  from space 2560K, 56% used [0x00000000eae00000,0x00000000eaf676e0,0x00000000eb080000)
  to   space 2048K, 0% used [0x00000000eb080000,0x00000000eb080000,0x00000000eb280000)
 ParOldGen       total 256000K, used 243379K [0x00000000c0000000, 0x00000000cfa00000, 0x00000000eab00000)
  object space 256000K, 95% used [0x00000000c0000000,0x00000000cedacf00,0x00000000cfa00000)
 Metaspace       used 66053K, committed 67136K, reserved 1114112K
  class space    used 6826K, committed 7296K, reserved 1048576K
}
Event: 7.485 GC heap after
{Heap after GC invocations=200 (full 11):
 PSYoungGen      total 5120K, used 2045K [0x00000000eab00000, 0x00000000eb380000, 0x0000000100000000)
  eden space 3072K, 0% used [0x00000000eab00000,0x00000000eab00000,0x00000000eae00000)
  from space 2048K, 99% used [0x00000000eb080000,0x00000000eb27f6e0,0x00000000eb280000)
  to   space 2560K, 0% used [0x00000000eae00000,0x00000000eae00000,0x00000000eb080000)
 ParOldGen       total 256000K, used 243379K [0x00000000c0000000, 0x00000000cfa00000, 0x00000000eab00000)
  object space 256000K, 95% used [0x00000000c0000000,0x00000000cedacf00,0x00000000cfa00000)
 Metaspace       used 66053K, committed 67136K, reserved 1114112K
  class space    used 6826K, committed 7296K, reserved 1048576K
}
Event: 7.491 GC heap before
{Heap before GC invocations=201 (full 11):
 PSYoungGen      total 5120K, used 5117K [0x00000000eab00000, 0x00000000eb380000, 0x0000000100000000)
  eden space 3072K, 100% used [0x00000000eab00000,0x00000000eae00000,0x00000000eae00000)
  from space 2048K, 99% used [0x00000000eb080000,0x00000000eb27f6e0,0x00000000eb280000)
  to   space 2560K, 0% used [0x00000000eae00000,0x00000000eae00000,0x00000000eb080000)
 ParOldGen       total 256000K, used 243379K [0x00000000c0000000, 0x00000000cfa00000, 0x00000000eab00000)
  object space 256000K, 95% used [0x00000000c0000000,0x00000000cedacf00,0x00000000cfa00000)
 Metaspace       used 66053K, committed 67136K, reserved 1114112K
  class space    used 6826K, committed 7296K, reserved 1048576K
}
Event: 7.492 GC heap after
{Heap after GC invocations=201 (full 11):
 PSYoungGen      total 5632K, used 2528K [0x00000000eab00000, 0x00000000eb480000, 0x0000000100000000)
  eden space 3072K, 0% used [0x00000000eab00000,0x00000000eab00000,0x00000000eae00000)
  from space 2560K, 98% used [0x00000000eae00000,0x00000000eb0780f0,0x00000000eb080000)
  to   space 3072K, 0% used [0x00000000eb180000,0x00000000eb180000,0x00000000eb480000)
 ParOldGen       total 256000K, used 243499K [0x00000000c0000000, 0x00000000cfa00000, 0x00000000eab00000)
  object space 256000K, 95% used [0x00000000c0000000,0x00000000cedcaf00,0x00000000cfa00000)
 Metaspace       used 66053K, committed 67136K, reserved 1114112K
  class space    used 6826K, committed 7296K, reserved 1048576K
}
Event: 7.496 GC heap before
{Heap before GC invocations=202 (full 11):
 PSYoungGen      total 5632K, used 5600K [0x00000000eab00000, 0x00000000eb480000, 0x0000000100000000)
  eden space 3072K, 100% used [0x00000000eab00000,0x00000000eae00000,0x00000000eae00000)
  from space 2560K, 98% used [0x00000000eae00000,0x00000000eb0780f0,0x00000000eb080000)
  to   space 3072K, 0% used [0x00000000eb180000,0x00000000eb180000,0x00000000eb480000)
 ParOldGen       total 256000K, used 243499K [0x00000000c0000000, 0x00000000cfa00000, 0x00000000eab00000)
  object space 256000K, 95% used [0x00000000c0000000,0x00000000cedcaf00,0x00000000cfa00000)
 Metaspace       used 66053K, committed 67136K, reserved 1114112K
  class space    used 6826K, committed 7296K, reserved 1048576K
}
Event: 7.498 GC heap after
{Heap after GC invocations=202 (full 11):
 PSYoungGen      total 6144K, used 2092K [0x00000000eab00000, 0x00000000eb400000, 0x0000000100000000)
  eden space 3584K, 0% used [0x00000000eab00000,0x00000000eab00000,0x00000000eae80000)
  from space 2560K, 81% used [0x00000000eb180000,0x00000000eb38b140,0x00000000eb400000)
  to   space 2560K, 0% used [0x00000000eaf00000,0x00000000eaf00000,0x00000000eb180000)
 ParOldGen       total 256000K, used 244800K [0x00000000c0000000, 0x00000000cfa00000, 0x00000000eab00000)
  object space 256000K, 95% used [0x00000000c0000000,0x00000000cef10050,0x00000000cfa00000)
 Metaspace       used 66053K, committed 67136K, reserved 1114112K
  class space    used 6826K, committed 7296K, reserved 1048576K
}
Event: 7.504 GC heap before
{Heap before GC invocations=203 (full 11):
 PSYoungGen      total 6144K, used 5676K [0x00000000eab00000, 0x00000000eb400000, 0x0000000100000000)
  eden space 3584K, 100% used [0x00000000eab00000,0x00000000eae80000,0x00000000eae80000)
  from space 2560K, 81% used [0x00000000eb180000,0x00000000eb38b140,0x00000000eb400000)
  to   space 2560K, 0% used [0x00000000eaf00000,0x00000000eaf00000,0x00000000eb180000)
 ParOldGen       total 256000K, used 244800K [0x00000000c0000000, 0x00000000cfa00000, 0x00000000eab00000)
  object space 256000K, 95% used [0x00000000c0000000,0x00000000cef10050,0x00000000cfa00000)
 Metaspace       used 66053K, committed 67136K, reserved 1114112K
  class space    used 6826K, committed 7296K, reserved 1048576K
}
Event: 7.505 GC heap after
{Heap after GC invocations=203 (full 11):
 PSYoungGen      total 6656K, used 2554K [0x00000000eab00000, 0x00000000eb500000, 0x0000000100000000)
  eden space 4096K, 0% used [0x00000000eab00000,0x00000000eab00000,0x00000000eaf00000)
  from space 2560K, 99% used [0x00000000eaf00000,0x00000000eb17e9e8,0x00000000eb180000)
  to   space 3072K, 0% used [0x00000000eb200000,0x00000000eb200000,0x00000000eb500000)
 ParOldGen       total 256000K, used 245096K [0x00000000c0000000, 0x00000000cfa00000, 0x00000000eab00000)
  object space 256000K, 95% used [0x00000000c0000000,0x00000000cef5a050,0x00000000cfa00000)
 Metaspace       used 66053K, committed 67136K, reserved 1114112K
  class space    used 6826K, committed 7296K, reserved 1048576K
}
Event: 7.512 GC heap before
{Heap before GC invocations=204 (full 11):
 PSYoungGen      total 6656K, used 6650K [0x00000000eab00000, 0x00000000eb500000, 0x0000000100000000)
  eden space 4096K, 100% used [0x00000000eab00000,0x00000000eaf00000,0x00000000eaf00000)
  from space 2560K, 99% used [0x00000000eaf00000,0x00000000eb17e9e8,0x00000000eb180000)
  to   space 3072K, 0% used [0x00000000eb200000,0x00000000eb200000,0x00000000eb500000)
 ParOldGen       total 256000K, used 245096K [0x00000000c0000000, 0x00000000cfa00000, 0x00000000eab00000)
  object space 256000K, 95% used [0x00000000c0000000,0x00000000cef5a050,0x00000000cfa00000)
 Metaspace       used 66053K, committed 67136K, reserved 1114112K
  class space    used 6826K, committed 7296K, reserved 1048576K
}

